<?xml version="1.0" encoding="UTF-8"?>
<testsuite xmlns:xsi="http://www.w3.org/2001/XMLSchema-instance" xsi:noNamespaceSchemaLocation="https://maven.apache.org/surefire/maven-surefire-plugin/xsd/surefire-test-report.xsd" name="com.chance.AppTest" time="0.027" tests="1" errors="0" skipped="0" failures="0">
  <properties>
    <property name="sun.desktop" value="windows"/>
    <property name="awt.toolkit" value="sun.awt.windows.WToolkit"/>
    <property name="file.encoding.pkg" value="sun.io"/>
    <property name="java.specification.version" value="1.8"/>
    <property name="sun.cpu.isalist" value="amd64"/>
    <property name="sun.jnu.encoding" value="GBK"/>
    <property name="java.class.path" value="c:\Users\ander\Desktop\dubboLearning\dubbo-interface\target\test-classes;c:\Users\ander\Desktop\dubboLearning\dubbo-interface\target\classes;P:\Program Files\Apache\.m2\repo\junit\junit\4.11\junit-4.11.jar;P:\Program Files\Apache\.m2\repo\org\hamcrest\hamcrest-core\1.3\hamcrest-core-1.3.jar;"/>
    <property name="java.vm.vendor" value="Oracle Corporation"/>
    <property name="sun.arch.data.model" value="64"/>
    <property name="user.variant" value=""/>
    <property name="java.vendor.url" value="http://java.oracle.com/"/>
    <property name="user.timezone" value="Asia/Shanghai"/>
    <property name="java.vm.specification.version" value="1.8"/>
    <property name="os.name" value="Windows 10"/>
    <property name="user.country" value="US"/>
    <property name="sun.java.launcher" value="SUN_STANDARD"/>
    <property name="sun.boot.library.path" value="C:\Program Files\Java\jdk1.8.0_u281\jre\bin"/>
    <property name="sun.java.command" value="P:\Program Files\VSCode\data\tmp\surefire3927187937489993210\surefirebooter2643863204431254073.jar P:\Program Files\VSCode\data\tmp\surefire3927187937489993210 2021-06-27T20-52-43_760-jvmRun1 surefire7833727398143765074tmp surefire_04754122810387071992tmp"/>
    <property name="surefire.test.class.path" value="c:\Users\ander\Desktop\dubboLearning\dubbo-interface\target\test-classes;c:\Users\ander\Desktop\dubboLearning\dubbo-interface\target\classes;P:\Program Files\Apache\.m2\repo\junit\junit\4.11\junit-4.11.jar;P:\Program Files\Apache\.m2\repo\org\hamcrest\hamcrest-core\1.3\hamcrest-core-1.3.jar;"/>
    <property name="sun.cpu.endian" value="little"/>
    <property name="user.home" value="C:\Users\ander"/>
    <property name="user.language" value="en"/>
    <property name="java.specification.vendor" value="Oracle Corporation"/>
    <property name="java.home" value="C:\Program Files\Java\jdk1.8.0_u281\jre"/>
    <property name="basedir" value="c:\Users\ander\Desktop\dubboLearning\dubbo-interface"/>
    <property name="file.separator" value="\"/>
    <property name="line.separator" value="&#10;"/>
    <property name="java.vm.specification.vendor" value="Oracle Corporation"/>
    <property name="java.specification.name" value="Java Platform API Specification"/>
    <property name="java.awt.graphicsenv" value="sun.awt.Win32GraphicsEnvironment"/>
    <property name="surefire.real.class.path" value="P:\Program Files\VSCode\data\tmp\surefire3927187937489993210\surefirebooter2643863204431254073.jar"/>
    <property name="sun.boot.class.path" value="C:\Program Files\Java\jdk1.8.0_u281\jre\lib\resources.jar;C:\Program Files\Java\jdk1.8.0_u281\jre\lib\rt.jar;C:\Program Files\Java\jdk1.8.0_u281\jre\lib\sunrsasign.jar;C:\Program Files\Java\jdk1.8.0_u281\jre\lib\jsse.jar;C:\Program Files\Java\jdk1.8.0_u281\jre\lib\jce.jar;C:\Program Files\Java\jdk1.8.0_u281\jre\lib\charsets.jar;C:\Program Files\Java\jdk1.8.0_u281\jre\lib\jfr.jar;C:\Program Files\Java\jdk1.8.0_u281\jre\classes"/>
    <property name="user.script" value=""/>
    <property name="sun.management.compiler" value="HotSpot 64-Bit Tiered Compilers"/>
    <property name="java.runtime.version" value="1.8.0_281-b09"/>
    <property name="user.name" value="ander"/>
    <property name="path.separator" value=";"/>
    <property name="os.version" value="10.0"/>
    <property name="java.endorsed.dirs" value="C:\Program Files\Java\jdk1.8.0_u281\jre\lib\endorsed"/>
    <property name="java.runtime.name" value="Java(TM) SE Runtime Environment"/>
    <property name="file.encoding" value="GBK"/>
    <property name="java.vm.name" value="Java HotSpot(TM) 64-Bit Server VM"/>
    <property name="localRepository" value="P:\Program Files\Apache\.m2\repo"/>
    <property name="java.vendor.url.bug" value="http://bugreport.sun.com/bugreport/"/>
    <property name="java.io.tmpdir" value="P:\Program Files\VSCode\data\tmp\"/>
    <property name="java.version" value="1.8.0_281"/>
    <property name="user.dir" value="c:\Users\ander\Desktop\dubboLearning\dubbo-interface"/>
    <property name="os.arch" value="amd64"/>
    <property name="java.vm.specification.name" value="Java Virtual Machine Specification"/>
    <property name="java.awt.printerjob" value="sun.awt.windows.WPrinterJob"/>
    <property name="sun.os.patch.level" value=""/>
    <property name="java.library.path" value="C:\Program Files\Java\jdk1.8.0_u281\jre\bin;C:\WINDOWS\Sun\Java\bin;C:\WINDOWS\system32;C:\WINDOWS;C:\Program Files\AdoptOpenJDK\jdk-11.0.11.9-hotspot\bin;C:\WINDOWS\system32;C:\Program Files\Java\jdk1.8.0_u281\bin;C:\Program Files\Java\jdk1.8.0_u281\jre\bin;P:\Program Files\Apache\Maven-3.6.3\bin;C:\WINDOWS;C:\WINDOWS\System32\Wbem;C:\WINDOWS\System32\WindowsPowerShell\v1.0\;C:\WINDOWS\System32\OpenSSH\;C:\Program Files\Git\cmd;C:\Go\bin;C:\mingw64\bin;P:\Program Files\Apache\groovy-3.0.7\bin\;P:\Program FIles(X86)\scala\bin;P:\Program Files\Gradle\gradle-6.8.2\bin;P:\Program Files\Nodejs\;P:\Program Files\VS_Code;C:\Program Files\MySQL\MySQL Shell 8.0\bin\;P:\Program Files\jruby-9.2.14.0\bin;C:\Users\ander\AppData\Local\Microsoft\WindowsApps;;C:\Users\ander\go\bin;%IntelliJ IDEA Community Edition%;%IntelliJ IDEA%;C:\Users\ander\AppData\Roaming\npm;."/>
    <property name="java.vm.info" value="mixed mode"/>
    <property name="java.vendor" value="Oracle Corporation"/>
    <property name="java.vm.version" value="25.281-b09"/>
    <property name="java.ext.dirs" value="C:\Program Files\Java\jdk1.8.0_u281\jre\lib\ext;C:\WINDOWS\Sun\Java\lib\ext"/>
    <property name="sun.io.unicode.encoding" value="UnicodeLittle"/>
    <property name="java.class.version" value="52.0"/>
  </properties>
  <testcase name="shouldAnswerWithTrue" classname="com.chance.AppTest" time="0.001"/>
</testsuite>